  Source.cpp
C:\BSTU\1 kurs\1 kurs 2 sem\Основы алгоритмизации и программирования\лаба 15\dop 3\Source.cpp(53,10): warning C4566: символ, представленный универсальным именем символа "\u00C2", невозможно представить в текущей кодовой странице (1251)
C:\BSTU\1 kurs\1 kurs 2 sem\Основы алгоритмизации и программирования\лаба 15\dop 3\Source.cpp(53,10): warning C4566: символ, представленный универсальным именем символа "\u00E2", невозможно представить в текущей кодовой странице (1251)
C:\BSTU\1 kurs\1 kurs 2 sem\Основы алгоритмизации и программирования\лаба 15\dop 3\Source.cpp(53,10): warning C4566: символ, представленный универсальным именем символа "\u00E5", невозможно представить в текущей кодовой странице (1251)
C:\BSTU\1 kurs\1 kurs 2 sem\Основы алгоритмизации и программирования\лаба 15\dop 3\Source.cpp(53,10): warning C4566: символ, представленный универсальным именем символа "\u00E4", невозможно представить в текущей кодовой странице (1251)
C:\BSTU\1 kurs\1 kurs 2 sem\Основы алгоритмизации и программирования\лаба 15\dop 3\Source.cpp(53,10): warning C4566: символ, представленный универсальным именем символа "\u00E8", невозможно представить в текущей кодовой странице (1251)
C:\BSTU\1 kurs\1 kurs 2 sem\Основы алгоритмизации и программирования\лаба 15\dop 3\Source.cpp(53,10): warning C4566: символ, представленный универсальным именем символа "\u00F2", невозможно представить в текущей кодовой странице (1251)
C:\BSTU\1 kurs\1 kurs 2 sem\Основы алгоритмизации и программирования\лаба 15\dop 3\Source.cpp(53,10): warning C4566: символ, представленный универсальным именем символа "\u00FD", невозможно представить в текущей кодовой странице (1251)
C:\BSTU\1 kurs\1 kurs 2 sem\Основы алгоритмизации и программирования\лаба 15\dop 3\Source.cpp(53,10): warning C4566: символ, представленный универсальным именем символа "\u00EB", невозможно представить в текущей кодовой странице (1251)
C:\BSTU\1 kurs\1 kurs 2 sem\Основы алгоритмизации и программирования\лаба 15\dop 3\Source.cpp(53,10): warning C4566: символ, представленный универсальным именем символа "\u00EC", невозможно представить в текущей кодовой странице (1251)
C:\BSTU\1 kurs\1 kurs 2 sem\Основы алгоритмизации и программирования\лаба 15\dop 3\Source.cpp(53,10): warning C4566: символ, представленный универсальным именем символа "\u00ED", невозможно представить в текущей кодовой странице (1251)
C:\BSTU\1 kurs\1 kurs 2 sem\Основы алгоритмизации и программирования\лаба 15\dop 3\Source.cpp(53,10): warning C4566: символ, представленный универсальным именем символа "\u00FB", невозможно представить в текущей кодовой странице (1251)
C:\BSTU\1 kurs\1 kurs 2 sem\Основы алгоритмизации и программирования\лаба 15\dop 3\Source.cpp(53,10): warning C4566: символ, представленный универсальным именем символа "\u00E0", невозможно представить в текущей кодовой странице (1251)
C:\BSTU\1 kurs\1 kurs 2 sem\Основы алгоритмизации и программирования\лаба 15\dop 3\Source.cpp(53,10): warning C4566: символ, представленный универсальным именем символа "\u00F1", невозможно представить в текущей кодовой странице (1251)
C:\BSTU\1 kurs\1 kurs 2 sem\Основы алгоритмизации и программирования\лаба 15\dop 3\Source.cpp(58,10): warning C4566: символ, представленный универсальным именем символа "\u00CC", невозможно представить в текущей кодовой странице (1251)
C:\BSTU\1 kurs\1 kurs 2 sem\Основы алгоритмизации и программирования\лаба 15\dop 3\Source.cpp(58,10): warning C4566: символ, представленный универсальным именем символа "\u00E0", невозможно представить в текущей кодовой странице (1251)
C:\BSTU\1 kurs\1 kurs 2 sem\Основы алгоритмизации и программирования\лаба 15\dop 3\Source.cpp(58,10): warning C4566: символ, представленный универсальным именем символа "\u00F1", невозможно представить в текущей кодовой странице (1251)
C:\BSTU\1 kurs\1 kurs 2 sem\Основы алгоритмизации и программирования\лаба 15\dop 3\Source.cpp(58,10): warning C4566: символ, представленный универсальным именем символа "\u00E8", невозможно представить в текущей кодовой странице (1251)
C:\BSTU\1 kurs\1 kurs 2 sem\Основы алгоритмизации и программирования\лаба 15\dop 3\Source.cpp(58,10): warning C4566: символ, представленный универсальным именем символа "\u00E2", невозможно представить в текущей кодовой странице (1251)
C:\BSTU\1 kurs\1 kurs 2 sem\Основы алгоритмизации и программирования\лаба 15\dop 3\Source.cpp(61,10): warning C4566: символ, представленный универсальным именем символа "\u00D1", невозможно представить в текущей кодовой странице (1251)
C:\BSTU\1 kurs\1 kurs 2 sem\Основы алгоритмизации и программирования\лаба 15\dop 3\Source.cpp(61,10): warning C4566: символ, представленный универсальным именем символа "\u00EE", невозможно представить в текущей кодовой странице (1251)
C:\BSTU\1 kurs\1 kurs 2 sem\Основы алгоритмизации и программирования\лаба 15\dop 3\Source.cpp(61,10): warning C4566: символ, представленный универсальным именем символа "\u00F0", невозможно представить в текущей кодовой странице (1251)
C:\BSTU\1 kurs\1 kurs 2 sem\Основы алгоритмизации и программирования\лаба 15\dop 3\Source.cpp(61,10): warning C4566: символ, представленный универсальным именем символа "\u00F2", невозможно представить в текущей кодовой странице (1251)
C:\BSTU\1 kurs\1 kurs 2 sem\Основы алгоритмизации и программирования\лаба 15\dop 3\Source.cpp(61,10): warning C4566: символ, представленный универсальным именем символа "\u00E8", невозможно представить в текущей кодовой странице (1251)
C:\BSTU\1 kurs\1 kurs 2 sem\Основы алгоритмизации и программирования\лаба 15\dop 3\Source.cpp(61,10): warning C4566: символ, представленный универсальным именем символа "\u00E2", невозможно представить в текущей кодовой странице (1251)
C:\BSTU\1 kurs\1 kurs 2 sem\Основы алгоритмизации и программирования\лаба 15\dop 3\Source.cpp(61,10): warning C4566: символ, представленный универсальным именем символа "\u00EA", невозможно представить в текущей кодовой странице (1251)
C:\BSTU\1 kurs\1 kurs 2 sem\Основы алгоритмизации и программирования\лаба 15\dop 3\Source.cpp(61,10): warning C4566: символ, представленный универсальным именем символа "\u00E0", невозможно представить в текущей кодовой странице (1251)
C:\BSTU\1 kurs\1 kurs 2 sem\Основы алгоритмизации и программирования\лаба 15\dop 3\Source.cpp(61,10): warning C4566: символ, представленный универсальным именем символа "\u00EF", невозможно представить в текущей кодовой странице (1251)
C:\BSTU\1 kurs\1 kurs 2 sem\Основы алгоритмизации и программирования\лаба 15\dop 3\Source.cpp(61,10): warning C4566: символ, представленный универсальным именем символа "\u00F3", невозможно представить в текущей кодовой странице (1251)
C:\BSTU\1 kurs\1 kurs 2 sem\Основы алгоритмизации и программирования\лаба 15\dop 3\Source.cpp(61,10): warning C4566: символ, представленный универсальным именем символа "\u00E7", невозможно представить в текущей кодовой странице (1251)
C:\BSTU\1 kurs\1 kurs 2 sem\Основы алгоритмизации и программирования\лаба 15\dop 3\Source.cpp(61,10): warning C4566: символ, представленный универсальным именем символа "\u00FB", невозможно представить в текущей кодовой странице (1251)
C:\BSTU\1 kurs\1 kurs 2 sem\Основы алгоритмизации и программирования\лаба 15\dop 3\Source.cpp(61,10): warning C4566: символ, представленный универсальным именем символа "\u00FC", невозможно представить в текущей кодовой странице (1251)
C:\BSTU\1 kurs\1 kurs 2 sem\Основы алгоритмизации и программирования\лаба 15\dop 3\Source.cpp(61,10): warning C4566: символ, представленный универсальным именем символа "\u00EC", невозможно представить в текущей кодовой странице (1251)
C:\BSTU\1 kurs\1 kurs 2 sem\Основы алгоритмизации и программирования\лаба 15\dop 3\Source.cpp(64,10): warning C4566: символ, представленный универсальным именем символа "\u00D1", невозможно представить в текущей кодовой странице (1251)
C:\BSTU\1 kurs\1 kurs 2 sem\Основы алгоритмизации и программирования\лаба 15\dop 3\Source.cpp(64,10): warning C4566: символ, представленный универсальным именем символа "\u00EE", невозможно представить в текущей кодовой странице (1251)
C:\BSTU\1 kurs\1 kurs 2 sem\Основы алгоритмизации и программирования\лаба 15\dop 3\Source.cpp(64,10): warning C4566: символ, представленный универсальным именем символа "\u00F0", невозможно представить в текущей кодовой странице (1251)
C:\BSTU\1 kurs\1 kurs 2 sem\Основы алгоритмизации и программирования\лаба 15\dop 3\Source.cpp(64,10): warning C4566: символ, представленный универсальным именем символа "\u00F2", невозможно представить в текущей кодовой странице (1251)
C:\BSTU\1 kurs\1 kurs 2 sem\Основы алгоритмизации и программирования\лаба 15\dop 3\Source.cpp(64,10): warning C4566: символ, представленный универсальным именем символа "\u00E8", невозможно представить в текущей кодовой странице (1251)
C:\BSTU\1 kurs\1 kurs 2 sem\Основы алгоритмизации и программирования\лаба 15\dop 3\Source.cpp(64,10): warning C4566: символ, представленный универсальным именем символа "\u00E2", невозможно представить в текущей кодовой странице (1251)
C:\BSTU\1 kurs\1 kurs 2 sem\Основы алгоритмизации и программирования\лаба 15\dop 3\Source.cpp(64,10): warning C4566: символ, представленный универсальным именем символа "\u00EA", невозможно представить в текущей кодовой странице (1251)
C:\BSTU\1 kurs\1 kurs 2 sem\Основы алгоритмизации и программирования\лаба 15\dop 3\Source.cpp(64,10): warning C4566: символ, представленный универсальным именем символа "\u00E0", невозможно представить в текущей кодовой странице (1251)
C:\BSTU\1 kurs\1 kurs 2 sem\Основы алгоритмизации и программирования\лаба 15\dop 3\Source.cpp(64,10): warning C4566: символ, представленный универсальным именем символа "\u00EF", невозможно представить в текущей кодовой странице (1251)
C:\BSTU\1 kurs\1 kurs 2 sem\Основы алгоритмизации и программирования\лаба 15\dop 3\Source.cpp(64,10): warning C4566: символ, представленный универсальным именем символа "\u00F1", невозможно представить в текущей кодовой странице (1251)
C:\BSTU\1 kurs\1 kurs 2 sem\Основы алгоритмизации и программирования\лаба 15\dop 3\Source.cpp(64,10): warning C4566: символ, представленный универсальным именем символа "\u00E9", невозможно представить в текущей кодовой странице (1251)
C:\BSTU\1 kurs\1 kurs 2 sem\Основы алгоритмизации и программирования\лаба 15\dop 3\Source.cpp(51,6): warning C4101: max_index_of_array: неиспользованная локальная переменная
  dop 3.vcxproj -> C:\BSTU\1 kurs\1 kurs 2 sem\Основы алгоритмизации и программирования\лаба 15\dop 3\Debug\dop 3.exe
